[ 2001-06-16T09:39:33+08:00 ] 127.0.0.1 /index.php?g=Home&m=Index&a=reg
INFO: [ app_begin ] --START--
INFO: Run ReadHtmlCache Behavior [ RunTime:0.001149s ]
INFO: [ app_begin ] --END-- [ RunTime:0.001265s ]
NOTIC: [2048] Declaration of BaseAction::ajaxReturn() should be compatible with that of Action::ajaxReturn() E:\phpnow\htdocs\PigCms\Lib\Action\BaseAction.class.php 第 279 行.
INFO: [ view_template ] --START--
INFO: Run LocationTemplate Behavior [ RunTime:-0.014207s ]
INFO: [ view_template ] --END-- [ RunTime:0.001813s ]
INFO: [ view_parse ] --START--
INFO: Run ParseTemplate Behavior [ RunTime:-0.016090s ]
INFO: [ view_parse ] --END-- [ RunTime:0.027626s ]
INFO: [ view_filter ] --START--
INFO: Run ContentReplace Behavior [ RunTime:-0.043785s ]
INFO: Run TokenBuild Behavior [ RunTime:-0.044560s ]
INFO: Run WriteHtmlCache Behavior [ RunTime:-0.045815s ]
INFO: Run ShowRuntime Behavior [ RunTime:-0.046718s ]
INFO: [ view_filter ] --END-- [ RunTime:0.004236s ]
INFO: [ view_end ] --START--
INFO: Run ShowPageTrace Behavior [ RunTime:-0.048134s ]
INFO: [ view_end ] --END-- [ RunTime:0.001497s ]

[ 2001-06-16T09:42:44+08:00 ] 127.0.0.1 /index.php?g=Home&m=Index&a=reg
INFO: [ app_begin ] --START--
INFO: Run ReadHtmlCache Behavior [ RunTime:0.000655s ]
INFO: [ app_begin ] --END-- [ RunTime:0.000778s ]
NOTIC: [2048] Declaration of BaseAction::ajaxReturn() should be compatible with that of Action::ajaxReturn() E:\phpnow\htdocs\PigCms\Lib\Action\BaseAction.class.php 第 279 行.
INFO: [ view_template ] --START--
INFO: Run LocationTemplate Behavior [ RunTime:-0.005044s ]
INFO: [ view_template ] --END-- [ RunTime:0.000554s ]
INFO: [ view_parse ] --START--
INFO: Run ParseTemplate Behavior [ RunTime:-0.005669s ]
INFO: [ view_parse ] --END-- [ RunTime:0.011061s ]
INFO: [ view_filter ] --START--
INFO: Run ContentReplace Behavior [ RunTime:-0.016800s ]
INFO: Run TokenBuild Behavior [ RunTime:-0.017731s ]
INFO: Run WriteHtmlCache Behavior [ RunTime:-0.018459s ]
INFO: Run ShowRuntime Behavior [ RunTime:-0.018860s ]
INFO: [ view_filter ] --END-- [ RunTime:0.002669s ]
INFO: [ view_end ] --START--
INFO: Run ShowPageTrace Behavior [ RunTime:-0.019582s ]
INFO: [ view_end ] --END-- [ RunTime:0.000772s ]

[ 2001-06-16T09:42:45+08:00 ] 127.0.0.1 /index.php?g=Home&m=Index&a=reg
INFO: [ app_begin ] --START--
INFO: Run ReadHtmlCache Behavior [ RunTime:0.001156s ]
INFO: [ app_begin ] --END-- [ RunTime:0.001273s ]
NOTIC: [2048] Declaration of BaseAction::ajaxReturn() should be compatible with that of Action::ajaxReturn() E:\phpnow\htdocs\PigCms\Lib\Action\BaseAction.class.php 第 279 行.
INFO: [ view_template ] --START--
INFO: Run LocationTemplate Behavior [ RunTime:-0.004904s ]
INFO: [ view_template ] --END-- [ RunTime:0.001881s ]
INFO: [ view_parse ] --START--
INFO: Run ParseTemplate Behavior [ RunTime:-0.006857s ]
INFO: [ view_parse ] --END-- [ RunTime:0.014073s ]
INFO: [ view_filter ] --START--
INFO: Run ContentReplace Behavior [ RunTime:-0.020999s ]
INFO: Run TokenBuild Behavior [ RunTime:-0.022254s ]
INFO: Run WriteHtmlCache Behavior [ RunTime:-0.023517s ]
INFO: Run ShowRuntime Behavior [ RunTime:-0.024426s ]
INFO: [ view_filter ] --END-- [ RunTime:0.004751s ]
INFO: [ view_end ] --START--
INFO: Run ShowPageTrace Behavior [ RunTime:-0.025861s ]
INFO: [ view_end ] --END-- [ RunTime:0.002007s ]

[ 2001-06-16T09:42:46+08:00 ] 127.0.0.1 /index.php?g=Home&m=Index&a=reg
INFO: [ app_begin ] --START--
INFO: Run ReadHtmlCache Behavior [ RunTime:0.001148s ]
INFO: [ app_begin ] --END-- [ RunTime:0.001268s ]
NOTIC: [2048] Declaration of BaseAction::ajaxReturn() should be compatible with that of Action::ajaxReturn() E:\phpnow\htdocs\PigCms\Lib\Action\BaseAction.class.php 第 279 行.
INFO: [ view_template ] --START--
INFO: Run LocationTemplate Behavior [ RunTime:-0.004671s ]
INFO: [ view_template ] --END-- [ RunTime:0.001996s ]
INFO: [ view_parse ] --START--
INFO: Run ParseTemplate Behavior [ RunTime:-0.006861s ]
INFO: [ view_parse ] --END-- [ RunTime:0.014128s ]
INFO: [ view_filter ] --START--
INFO: Run ContentReplace Behavior [ RunTime:-0.020988s ]
INFO: Run TokenBuild Behavior [ RunTime:-0.022185s ]
INFO: Run WriteHtmlCache Behavior [ RunTime:-0.023459s ]
INFO: Run ShowRuntime Behavior [ RunTime:-0.025296s ]
INFO: [ view_filter ] --END-- [ RunTime:0.005633s ]
INFO: [ view_end ] --START--
INFO: Run ShowPageTrace Behavior [ RunTime:-0.026739s ]
INFO: [ view_end ] --END-- [ RunTime:0.001452s ]

[ 2001-06-16T09:42:47+08:00 ] 127.0.0.1 /index.php?g=Home&m=Index&a=reg
INFO: [ app_begin ] --START--
INFO: Run ReadHtmlCache Behavior [ RunTime:0.000651s ]
INFO: [ app_begin ] --END-- [ RunTime:0.000767s ]
NOTIC: [2048] Declaration of BaseAction::ajaxReturn() should be compatible with that of Action::ajaxReturn() E:\phpnow\htdocs\PigCms\Lib\Action\BaseAction.class.php 第 279 行.
INFO: [ view_template ] --START--
INFO: Run LocationTemplate Behavior [ RunTime:-0.003069s ]
INFO: [ view_template ] --END-- [ RunTime:0.000582s ]
INFO: [ view_parse ] --START--
INFO: Run ParseTemplate Behavior [ RunTime:-0.003725s ]
INFO: [ view_parse ] --END-- [ RunTime:0.010026s ]
INFO: [ view_filter ] --START--
INFO: Run ContentReplace Behavior [ RunTime:-0.013823s ]
INFO: Run TokenBuild Behavior [ RunTime:-0.014355s ]
INFO: Run WriteHtmlCache Behavior [ RunTime:-0.014899s ]
INFO: Run ShowRuntime Behavior [ RunTime:-0.015258s ]
INFO: [ view_filter ] --END-- [ RunTime:0.002042s ]
INFO: [ view_end ] --START--
INFO: Run ShowPageTrace Behavior [ RunTime:-0.015974s ]
INFO: [ view_end ] --END-- [ RunTime:0.000758s ]

[ 2001-06-16T09:42:47+08:00 ] 127.0.0.1 /index.php?g=Home&m=Index&a=reg
INFO: [ app_begin ] --START--
INFO: Run ReadHtmlCache Behavior [ RunTime:0.001011s ]
INFO: [ app_begin ] --END-- [ RunTime:0.001183s ]
NOTIC: [2048] Declaration of BaseAction::ajaxReturn() should be compatible with that of Action::ajaxReturn() E:\phpnow\htdocs\PigCms\Lib\Action\BaseAction.class.php 第 279 行.
INFO: [ view_template ] --START--
INFO: Run LocationTemplate Behavior [ RunTime:-0.004001s ]
INFO: [ view_template ] --END-- [ RunTime:0.001186s ]
INFO: [ view_parse ] --START--
INFO: Run ParseTemplate Behavior [ RunTime:-0.005263s ]
INFO: [ view_parse ] --END-- [ RunTime:0.013702s ]
INFO: [ view_filter ] --START--
INFO: Run ContentReplace Behavior [ RunTime:-0.019037s ]
INFO: Run TokenBuild Behavior [ RunTime:-0.019552s ]
INFO: Run WriteHtmlCache Behavior [ RunTime:-0.020093s ]
INFO: Run ShowRuntime Behavior [ RunTime:-0.020444s ]
INFO: [ view_filter ] --END-- [ RunTime:0.002005s ]
INFO: [ view_end ] --START--
INFO: Run ShowPageTrace Behavior [ RunTime:-0.021151s ]
INFO: [ view_end ] --END-- [ RunTime:0.000861s ]

[ 2001-06-16T09:43:05+08:00 ] 127.0.0.1 /index.php?g=Home&m=Index&a=reg
INFO: [ app_begin ] --START--
INFO: Run ReadHtmlCache Behavior [ RunTime:0.001306s ]
INFO: [ app_begin ] --END-- [ RunTime:0.001429s ]
NOTIC: [2048] Declaration of BaseAction::ajaxReturn() should be compatible with that of Action::ajaxReturn() E:\phpnow\htdocs\PigCms\Lib\Action\BaseAction.class.php 第 279 行.
INFO: [ view_template ] --START--
INFO: Run LocationTemplate Behavior [ RunTime:-0.005188s ]
INFO: [ view_template ] --END-- [ RunTime:0.003293s ]
INFO: [ view_parse ] --START--
INFO: Run ParseTemplate Behavior [ RunTime:-0.008541s ]
INFO: [ view_parse ] --END-- [ RunTime:0.017940s ]
INFO: [ view_filter ] --START--
INFO: Run ContentReplace Behavior [ RunTime:-0.026550s ]
INFO: Run TokenBuild Behavior [ RunTime:-0.027872s ]
INFO: Run WriteHtmlCache Behavior [ RunTime:-0.029130s ]
INFO: Run ShowRuntime Behavior [ RunTime:-0.030053s ]
INFO: [ view_filter ] --END-- [ RunTime:0.004872s ]
INFO: [ view_end ] --START--
INFO: Run ShowPageTrace Behavior [ RunTime:-0.031577s ]
INFO: [ view_end ] --END-- [ RunTime:0.001499s ]

